<?xml version="1.0" encoding="UTF-8"?>
<!-- Generated by org.testng.reporters.JUnitReportReporter -->
<testsuite hostname="HW1536" failures="0" tests="1" name="Runner.TestRunner" time="41.856" errors="0" timestamp="18 Aug 2018 22:53:39 GMT" skipped="0">
  <testcase classname="Runner.TestRunner" name="feature" time="41.856"/>
</testsuite> <!-- Runner.TestRunner -->
